<?xml version="1.0" encoding="UTF-8"?>
<testsuite name="com.devop.vertx.mod_devop_vertx.integration.python.PythonIntegrationTests" time="21.979" tests="5" errors="0" skipped="0" failures="0">
  <properties>
[...]
</properties>
  <testcase name="src\test\resources\integration_tests\python|basic_integration_test.py|test_http" classname="com.devop.vertx.mod_devop_vertx.integration.python.PythonIntegrationTests" time="16.501"/>
  <testcase name="src\test\resources\integration_tests\python|basic_integration_test.py|test_deploy_arbitrary_verticle" classname="com.devop.vertx.mod_devop_vertx.integration.python.PythonIntegrationTests" time="1.115"/>
  <testcase name="src\test\resources\integration_tests\python|basic_integration_test.py|test_complete_on_timer" classname="com.devop.vertx.mod_devop_vertx.integration.python.PythonIntegrationTests" time="1.858"/>
  <testcase name="src\test\resources\integration_tests\python|module_integration_test.py|test_ping" classname="com.devop.vertx.mod_devop_vertx.integration.python.PythonIntegrationTests" time="1.482"/>
  <testcase name="src\test\resources\integration_tests\python|module_integration_test.py|test_something_else" classname="com.devop.vertx.mod_devop_vertx.integration.python.PythonIntegrationTests" time="1.023"/>
</testsuite>